<?xml version="1.0" encoding="UTF-8"?>
<testng-results ignored="0" total="1" passed="1" failed="0" skipped="0">
  <reporter-output>
  </reporter-output>
  <suite started-at="2024-10-16T14:09:23 IST" name="Default suite" finished-at="2024-10-16T14:10:25 IST" duration-ms="62640">
    <groups>
    </groups>
    <test started-at="2024-10-16T14:09:23 IST" name="Default test" finished-at="2024-10-16T14:10:25 IST" duration-ms="62640">
      <class name="com.mvn.Facebook">
        <test-method signature="login()[pri:0, instance:com.mvn.Facebook@7b98f307]" started-at="2024-10-16T14:09:23 IST" name="login" finished-at="2024-10-16T14:10:25 IST" duration-ms="62605" status="PASS">
          <reporter-output>
          </reporter-output>
        </test-method> <!-- login -->
      </class> <!-- com.mvn.Facebook -->
    </test> <!-- Default test -->
  </suite> <!-- Default suite -->
</testng-results>
